{"message":"Server started on port","level":"info","timestamp":"2021-07-18T03:05:01.981Z"}
{"message":"Server started on port","level":"info","timestamp":"2021-07-18T03:05:29.469Z"}
{"message":"Server started on port {}","level":"info","timestamp":"2021-07-18T03:05:40.387Z"}
{"message":"Server started on port undefined","level":"info","timestamp":"2021-07-18T03:05:46.165Z"}
{"message":"Server started on port undefined: undefined","level":"info","timestamp":"2021-07-18T03:05:55.732Z"}
{"message":"Server started on port undefined: undefined","level":"info","timestamp":"2021-07-18T03:06:13.609Z"}
{"message":"Server started on port undefined: undefined","level":"info","timestamp":"2021-07-18T03:06:24.774Z"}
{"message":"Server started on port undefined: undefined","level":"info","timestamp":"2021-07-18T03:07:05.795Z"}
{"message":"Server started on port undefined: undefined","level":"info","timestamp":"2021-07-18T03:09:42.340Z"}
{"message":"Server started on port undefined: undefined","level":"info","timestamp":"2021-07-18T03:10:08.830Z"}
{"message":"Server started on port undefined: undefined","level":"info","timestamp":"2021-07-18T03:11:35.166Z"}
{"message":"Server started on port undefined: undefined","level":"info","timestamp":"2021-07-18T03:11:58.412Z"}
{"message":"Server started on port 5000: development","level":"info","timestamp":"2021-07-18T03:13:26.755Z"}
{"message":"Server started on port 5000: development","level":"info","timestamp":"2021-07-18T03:13:38.779Z"}
{"message":"Server started on port 5000: development","level":"info","timestamp":"2021-07-18T03:15:42.562Z"}
{"message":"Successfully connected to the database","level":"info","timestamp":"2021-07-18T03:15:43.225Z"}
{"message":"Server started on port 5000: development","level":"info","timestamp":"2021-07-18T03:16:24.797Z"}
{"message":"Successfully connected to the database","level":"info","timestamp":"2021-07-18T03:16:30.313Z"}
{"message":"Server started on port 5000: development","level":"info","timestamp":"2021-07-18T03:18:03.360Z"}
{"message":"Successfully connected to the database","level":"info","timestamp":"2021-07-18T03:18:08.867Z"}
{"message":"Server started on port 5000: development","level":"info","timestamp":"2021-07-18T03:20:10.681Z"}
{"message":"Server started on port 5000: development","level":"info","timestamp":"2021-07-18T03:20:24.048Z"}
{"message":"Successfully connected to the database","level":"info","timestamp":"2021-07-18T03:20:29.564Z"}
{"message":"Server started on port 5000: development","level":"info","timestamp":"2021-07-18T03:56:48.561Z"}
{"message":"Successfully connected to the database","level":"info","timestamp":"2021-07-18T03:56:54.084Z"}
{"message":"Server started on port 5000: development","level":"info","timestamp":"2021-07-18T03:58:51.044Z"}
{"message":"Server started on port 5000: development","level":"info","timestamp":"2021-07-18T03:58:58.013Z"}
{"message":"Server started on port 5000: development","level":"info","timestamp":"2021-07-18T03:59:10.906Z"}
{"message":"Successfully connected to the database","level":"info","timestamp":"2021-07-18T03:59:16.427Z"}
{"message":"Server started on port 5000: development","level":"info","timestamp":"2021-07-18T04:00:18.551Z"}
{"message":"Successfully connected to the database","level":"info","timestamp":"2021-07-18T04:00:24.074Z"}
{"message":"Server started on port 5000: development","level":"info","timestamp":"2021-07-18T04:01:04.804Z"}
{"message":"Successfully connected to the database","level":"info","timestamp":"2021-07-18T04:01:10.429Z"}
{"message":"Server started on port 5000: development","level":"info","timestamp":"2021-07-18T04:01:29.917Z"}
{"message":"Server started on port 5000: development","level":"info","timestamp":"2021-07-18T04:01:35.060Z"}
{"message":"Server started on port 5000: development","level":"info","timestamp":"2021-07-18T04:01:42.829Z"}
{"message":"Successfully connected to the database","level":"info","timestamp":"2021-07-18T04:01:48.450Z"}
{"message":"Server started on port 5000: development","level":"info","timestamp":"2021-07-18T04:02:02.908Z"}
{"message":"Successfully connected to the database","level":"info","timestamp":"2021-07-18T04:02:08.403Z"}
{"message":"Server started on port 5000: development","level":"info","timestamp":"2021-07-18T04:02:41.957Z"}
{"message":"Server started on port 5000: development","level":"info","timestamp":"2021-07-18T04:02:51.141Z"}
{"message":"Server started on port 5000: development","level":"info","timestamp":"2021-07-18T04:02:57.038Z"}
{"message":"Server started on port 5000: development","level":"info","timestamp":"2021-07-18T04:03:07.766Z"}
{"message":"Server started on port 5000: development","level":"info","timestamp":"2021-07-18T04:03:17.630Z"}
{"message":"Server started on port 5000: development","level":"info","timestamp":"2021-07-18T04:03:31.265Z"}
{"message":"Successfully connected to the database","level":"info","timestamp":"2021-07-18T04:03:36.972Z"}
{"message":"Server started on port 5000: development","level":"info","timestamp":"2021-07-18T04:03:47.075Z"}
{"message":"Successfully connected to the database","level":"info","timestamp":"2021-07-18T04:03:52.632Z"}
{"message":"Server started on port 5000: development","level":"info","timestamp":"2021-07-18T04:04:03.355Z"}
{"message":"Successfully connected to the database","level":"info","timestamp":"2021-07-18T04:04:08.429Z"}
{"message":"Server started on port 5000: development","level":"info","timestamp":"2021-07-18T04:04:35.226Z"}
{"message":"Server started on port 5000: development","level":"info","timestamp":"2021-07-18T04:04:43.781Z"}
{"message":"Server started on port 5000: development","level":"info","timestamp":"2021-07-18T04:05:05.071Z"}
{"message":"Server started on port 5000: development","level":"info","timestamp":"2021-07-18T04:05:19.349Z"}
{"message":"Server started on port 5000: development","level":"info","timestamp":"2021-07-18T04:05:28.461Z"}
{"message":"Successfully connected to the database","level":"info","timestamp":"2021-07-18T04:05:33.967Z"}
{"message":"Server started on port 5000: development","level":"info","timestamp":"2021-07-18T04:05:51.309Z"}
{"message":"Successfully connected to the database","level":"info","timestamp":"2021-07-18T04:05:56.776Z"}
{"message":"Server started on port 5000: development","level":"info","timestamp":"2021-07-18T04:06:07.760Z"}
{"message":"Successfully connected to the database","level":"info","timestamp":"2021-07-18T04:06:12.854Z"}
{"message":"Server started on port 5000: development","level":"info","timestamp":"2021-07-18T04:06:20.933Z"}
{"message":"Successfully connected to the database","level":"info","timestamp":"2021-07-18T04:06:26.511Z"}
{"message":"Server started on port 5000: development","level":"info","timestamp":"2021-07-18T04:07:01.373Z"}
{"message":"Server started on port 5000: development","level":"info","timestamp":"2021-07-18T04:07:06.741Z"}
{"message":"Server started on port 5000: development","level":"info","timestamp":"2021-07-18T04:07:20.396Z"}
{"message":"Successfully connected to the database","level":"info","timestamp":"2021-07-18T04:07:25.942Z"}
{"message":"Server started on port 5000: development","level":"info","timestamp":"2021-07-18T04:07:52.487Z"}
{"message":"Server started on port 5000: development","level":"info","timestamp":"2021-07-18T04:07:57.610Z"}
{"message":"Server started on port 5000: development","level":"info","timestamp":"2021-07-18T04:08:06.192Z"}
{"message":"Server started on port 5000: development","level":"info","timestamp":"2021-07-18T04:08:15.447Z"}
{"message":"Server started on port 5000: development","level":"info","timestamp":"2021-07-18T04:08:24.909Z"}
{"message":"Successfully connected to the database","level":"info","timestamp":"2021-07-18T04:08:30.006Z"}
{"message":"Server started on port 5000: development","level":"info","timestamp":"2021-07-18T04:09:29.698Z"}
{"message":"Server started on port 5000: development","level":"info","timestamp":"2021-07-18T04:09:34.305Z"}
{"message":"Successfully connected to the database","level":"info","timestamp":"2021-07-18T04:09:39.819Z"}
{"message":"Server started on port 5000: development","level":"info","timestamp":"2021-07-18T04:10:09.480Z"}
{"message":"Server started on port 5000: development","level":"info","timestamp":"2021-07-18T04:10:18.252Z"}
{"message":"Successfully connected to the database","level":"info","timestamp":"2021-07-18T04:10:23.762Z"}
{"message":"Server started on port 5000: development","level":"info","timestamp":"2021-07-18T04:11:00.578Z"}
{"message":"Successfully connected to the database","level":"info","timestamp":"2021-07-18T04:11:06.111Z"}
{"message":"Server started on port 5000: development","level":"info","timestamp":"2021-07-18T04:11:16.719Z"}
{"message":"Server started on port 5000: development","level":"info","timestamp":"2021-07-18T04:11:27.652Z"}
{"message":"Successfully connected to the database","level":"info","timestamp":"2021-07-18T04:11:33.168Z"}
{"message":"Server started on port 5000: development","level":"info","timestamp":"2021-07-18T04:11:46.767Z"}
{"message":"Server started on port 5000: development","level":"info","timestamp":"2021-07-18T04:11:54.123Z"}
{"message":"Server started on port 5000: development","level":"info","timestamp":"2021-07-18T04:12:08.599Z"}
{"message":"Server started on port 5000: development","level":"info","timestamp":"2021-07-18T04:12:19.925Z"}
{"message":"Server started on port 5000: development","level":"info","timestamp":"2021-07-18T04:12:24.883Z"}
{"message":"Successfully connected to the database","level":"info","timestamp":"2021-07-18T04:12:30.462Z"}
{"message":"Server started on port 5000: development","level":"info","timestamp":"2021-07-18T04:12:35.749Z"}
{"message":"Successfully connected to the database","level":"info","timestamp":"2021-07-18T04:12:41.264Z"}
{"message":"Server started on port 5000: development","level":"info","timestamp":"2021-07-18T04:13:02.677Z"}
{"message":"Server started on port 5000: development","level":"info","timestamp":"2021-07-18T04:13:25.175Z"}
{"message":"Successfully connected to the database","level":"info","timestamp":"2021-07-18T04:13:30.808Z"}
{"message":"\u001b[0mGET /favicon.ico \u001b[33m404\u001b[0m 2.889 ms - 150\u001b[0m","level":"info","timestamp":"2021-07-18T04:14:29.774Z"}
{"message":"\u001b[0mGET /info \u001b[33m404\u001b[0m 0.899 ms - 143\u001b[0m","level":"info","timestamp":"2021-07-18T04:14:32.795Z"}
{"message":"Server started on port 5000: development","level":"info","timestamp":"2021-07-18T04:15:30.019Z"}
{"message":"Server started on port 5000: development","level":"info","timestamp":"2021-07-18T04:15:37.686Z"}
{"message":"Successfully connected to the database","level":"info","timestamp":"2021-07-18T04:15:42.787Z"}
{"message":"Server started on port 5000: development","level":"info","timestamp":"2021-07-18T04:15:49.358Z"}
{"message":"Successfully connected to the database","level":"info","timestamp":"2021-07-18T04:15:54.442Z"}
{"message":"Server started on port 5000: development","level":"info","timestamp":"2021-07-18T04:16:16.036Z"}
{"message":"Successfully connected to the database","level":"info","timestamp":"2021-07-18T04:16:21.569Z"}
{"message":"\u001b[0mGET /info \u001b[33m404\u001b[0m 4.258 ms - 143\u001b[0m","level":"info","timestamp":"2021-07-18T04:16:24.991Z"}
{"message":"\u001b[0mGET /info \u001b[33m404\u001b[0m 0.976 ms - 143\u001b[0m","level":"info","timestamp":"2021-07-18T04:16:26.041Z"}
{"message":"\u001b[0mGET /info \u001b[33m404\u001b[0m 0.410 ms - 143\u001b[0m","level":"info","timestamp":"2021-07-18T04:16:26.430Z"}
{"message":"\u001b[0mGET /info \u001b[33m404\u001b[0m 0.496 ms - 143\u001b[0m","level":"info","timestamp":"2021-07-18T04:16:40.676Z"}
{"message":"Server started on port 5000: development","level":"info","timestamp":"2021-07-18T04:17:32.572Z"}
{"message":"Successfully connected to the database","level":"info","timestamp":"2021-07-18T04:17:37.650Z"}
{"message":"Server started on port 5000: development","level":"info","timestamp":"2021-07-18T04:17:42.712Z"}
{"message":"Server started on port 5000: development","level":"info","timestamp":"2021-07-18T04:17:57.263Z"}
{"message":"Successfully connected to the database","level":"info","timestamp":"2021-07-18T04:18:02.791Z"}
{"message":"Server started on port 5000: development","level":"info","timestamp":"2021-07-18T04:18:41.559Z"}
{"message":"Server started on port 5000: development","level":"info","timestamp":"2021-07-18T04:18:47.509Z"}
{"message":"Server started on port 5000: development","level":"info","timestamp":"2021-07-18T04:18:57.865Z"}
{"message":"Server started on port 5000: development","level":"info","timestamp":"2021-07-18T04:19:03.614Z"}
{"message":"Server started on port 5000: development","level":"info","timestamp":"2021-07-18T04:19:08.407Z"}
{"message":"Server started on port 5000: development","level":"info","timestamp":"2021-07-18T04:19:15.364Z"}
{"message":"Successfully connected to the database","level":"info","timestamp":"2021-07-18T04:19:21.103Z"}
{"message":"Server started on port 5000: development","level":"info","timestamp":"2021-07-18T04:25:26.913Z"}
{"message":"Successfully connected to the database","level":"info","timestamp":"2021-07-18T04:25:32.400Z"}
{"message":"\u001b[0mGET /info \u001b[33m404\u001b[0m 3.475 ms - 143\u001b[0m","level":"info","timestamp":"2021-07-18T04:25:36.086Z"}
{"message":"\u001b[0mGET / \u001b[33m404\u001b[0m 0.860 ms - 139\u001b[0m","level":"info","timestamp":"2021-07-18T04:25:44.298Z"}
{"message":"\u001b[0mGET / \u001b[33m404\u001b[0m 0.433 ms - 139\u001b[0m","level":"info","timestamp":"2021-07-18T04:25:53.922Z"}
{"message":"\u001b[0mGET / \u001b[33m404\u001b[0m 0.594 ms - 139\u001b[0m","level":"info","timestamp":"2021-07-18T04:25:54.513Z"}
{"message":"\u001b[0mGET / \u001b[33m404\u001b[0m 0.703 ms - 139\u001b[0m","level":"info","timestamp":"2021-07-18T04:25:54.892Z"}
{"message":"\u001b[0mGET / \u001b[33m404\u001b[0m 0.503 ms - 139\u001b[0m","level":"info","timestamp":"2021-07-18T04:26:17.969Z"}
{"message":"\u001b[0mGET /user \u001b[33m404\u001b[0m 0.400 ms - 143\u001b[0m","level":"info","timestamp":"2021-07-18T04:27:08.079Z"}
{"message":"Server started on port 5000: development","level":"info","timestamp":"2021-07-18T04:28:10.475Z"}
{"message":"Successfully connected to the database","level":"info","timestamp":"2021-07-18T04:28:16.097Z"}
{"message":"\u001b[0mGET /user/info/1 \u001b[33m404\u001b[0m 2.654 ms - 150\u001b[0m","level":"info","timestamp":"2021-07-18T04:29:16.894Z"}
{"message":"\u001b[0mGET /user/info/01 \u001b[33m404\u001b[0m 0.664 ms - 151\u001b[0m","level":"info","timestamp":"2021-07-18T04:29:21.552Z"}
